Dec-13 16:43:16.145 [main] DEBUG nextflow.cli.Launcher - $> nextflow run epi2me-labs/wf-amplicon --fastq test_reads/mapped_reads.fastq.gz --reference primer_design/targets.fasta --override_basecaller_cfg dna_r10.4.1_e8.2_400bps_sup@v5.0.0 --reads_downsampling_size 4143
Dec-13 16:43:16.230 [main] DEBUG nextflow.cli.CmdRun - N E X T F L O W  ~  version 24.10.0
Dec-13 16:43:16.252 [main] DEBUG nextflow.plugin.PluginsFacade - Setting up plugin manager > mode=prod; embedded=false; plugins-dir=/Users/goldriev/.nextflow/plugins; core-plugins: nf-amazon@2.9.0,nf-azure@1.10.1,nf-cloudcache@0.4.2,nf-codecommit@0.2.2,nf-console@1.1.4,nf-google@1.15.2,nf-tower@1.9.3,nf-wave@1.7.2
Dec-13 16:43:16.268 [main] INFO  o.pf4j.DefaultPluginStatusProvider - Enabled plugins: []
Dec-13 16:43:16.269 [main] INFO  o.pf4j.DefaultPluginStatusProvider - Disabled plugins: []
Dec-13 16:43:16.272 [main] INFO  org.pf4j.DefaultPluginManager - PF4J version 3.12.0 in 'deployment' mode
Dec-13 16:43:16.285 [main] INFO  org.pf4j.AbstractPluginManager - No plugins
Dec-13 16:43:16.295 [main] DEBUG nextflow.scm.ProviderConfig - Using SCM config path: /Users/goldriev/.nextflow/scm
Dec-13 16:43:16.660 [main] DEBUG nextflow.scm.ProviderConfig - Detected SCM config: [providers:[github:[user:goldrieve, password:ghp****]]]
Dec-13 16:43:16.679 [main] DEBUG nextflow.scm.RepositoryFactory - Found Git repository result: [RepositoryFactory]
Dec-13 16:43:16.970 [main] DEBUG nextflow.scm.AssetManager - Git config: /Users/goldriev/.nextflow/assets/epi2me-labs/wf-amplicon/.git/config; branch: null; remote: origin; url: https://github.com/epi2me-labs/wf-amplicon.git
Dec-13 16:43:16.986 [main] DEBUG nextflow.scm.AssetManager - Git config: /Users/goldriev/.nextflow/assets/epi2me-labs/wf-amplicon/.git/config; branch: null; remote: origin; url: https://github.com/epi2me-labs/wf-amplicon.git
Dec-13 16:43:17.650 [main] DEBUG nextflow.config.ConfigBuilder - Found config base: /Users/goldriev/.nextflow/assets/epi2me-labs/wf-amplicon/nextflow.config
Dec-13 16:43:17.651 [main] DEBUG nextflow.config.ConfigBuilder - Parsing config file: /Users/goldriev/.nextflow/assets/epi2me-labs/wf-amplicon/nextflow.config
Dec-13 16:43:17.657 [main] DEBUG n.secret.LocalSecretsProvider - Secrets store: /Users/goldriev/.nextflow/secrets/store.json
Dec-13 16:43:17.659 [main] DEBUG nextflow.secret.SecretsLoader - Discovered secrets providers: [nextflow.secret.LocalSecretsProvider@391515c7] - activable => nextflow.secret.LocalSecretsProvider@391515c7
Dec-13 16:43:17.666 [main] DEBUG nextflow.config.ConfigBuilder - Applying config profile: `standard`
Dec-13 16:43:17.800 [main] DEBUG nextflow.cli.CmdRun - Applied DSL=2 from script declaration
Dec-13 16:43:17.801 [main] DEBUG nextflow.cli.CmdRun - Launching `https://github.com/epi2me-labs/wf-amplicon` [jovial_almeida] DSL2 - revision: 1cf4682471 [master]
Dec-13 16:43:17.803 [main] DEBUG nextflow.plugin.PluginsFacade - Plugins default=[]
Dec-13 16:43:17.803 [main] DEBUG nextflow.plugin.PluginsFacade - Plugins resolved requirement=[]
Dec-13 16:43:17.853 [main] DEBUG nextflow.Session - Session UUID: fe408ca3-ae29-45a4-8d7b-58505302d47b
Dec-13 16:43:17.853 [main] DEBUG nextflow.Session - Run name: jovial_almeida
Dec-13 16:43:17.854 [main] DEBUG nextflow.Session - Executor pool size: 16
Dec-13 16:43:17.861 [main] DEBUG nextflow.file.FilePorter - File porter settings maxRetries=3; maxTransfers=50; pollTimeout=null
Dec-13 16:43:17.866 [main] DEBUG nextflow.util.ThreadPoolBuilder - Creating thread pool 'FileTransfer' minSize=10; maxSize=48; workQueue=LinkedBlockingQueue[10000]; allowCoreThreadTimeout=false
Dec-13 16:43:17.887 [main] DEBUG nextflow.cli.CmdRun - 
  Version: 24.10.0 build 5928
  Created: 27-10-2024 18:36 UTC (18:36 BST)
  System: Mac OS X 14.7.1
  Runtime: Groovy 4.0.23 on OpenJDK 64-Bit Server VM 11.0.13+7-b1751.21
  Encoding: UTF-8 (UTF-8)
  Process: 35898@sce-bio-c05389.bio.ed.ac.uk [129.215.170.47]
  CPUs: 16 - Mem: 64 GB (13.2 GB) - Swap: 2 GB (1.6 GB)
Dec-13 16:43:17.912 [main] DEBUG nextflow.Session - Work-dir: /Users/goldriev/mono-trac/work [Mac OS X]
Dec-13 16:43:17.959 [main] DEBUG nextflow.executor.ExecutorFactory - Extension executors providers=[]
Dec-13 16:43:17.972 [main] DEBUG nextflow.Session - Observer factory: DefaultObserverFactory
Dec-13 16:43:18.050 [main] DEBUG nextflow.cache.CacheFactory - Using Nextflow cache factory: nextflow.cache.DefaultCacheFactory
Dec-13 16:43:18.065 [main] DEBUG nextflow.util.CustomThreadPool - Creating default thread pool > poolSize: 17; maxThreads: 1000
Dec-13 16:43:18.149 [main] DEBUG nextflow.Session - Session start
Dec-13 16:43:18.151 [main] DEBUG nextflow.trace.TraceFileObserver - Workflow started -- trace file: /Users/goldriev/mono-trac/output/execution/trace.txt
Dec-13 16:43:18.158 [main] DEBUG nextflow.Session - Using default localLib path: /Users/goldriev/.nextflow/assets/epi2me-labs/wf-amplicon/lib
Dec-13 16:43:18.161 [main] DEBUG nextflow.Session - Adding to the classpath library: /Users/goldriev/.nextflow/assets/epi2me-labs/wf-amplicon/lib
Dec-13 16:43:18.162 [main] DEBUG nextflow.Session - Adding to the classpath library: /Users/goldriev/.nextflow/assets/epi2me-labs/wf-amplicon/lib/nfcore_external_java_deps.jar
Dec-13 16:43:20.103 [main] DEBUG nextflow.script.ScriptRunner - > Launching execution
Dec-13 16:43:22.183 [main] INFO  nextflow.Nextflow - 
[0;92m||||||||||   [0m[2m_____ ____ ___ ____  __  __ _____      _       _
[0;92m||||||||||  [0m[2m| ____|  _ \_ _|___ \|  \/  | ____|    | | __ _| |__  ___
[0;33m|||||       [0m[2m|  _| | |_) | |  __) | |\/| |  _| _____| |/ _` | '_ \/ __|
[0;33m|||||       [0m[2m| |___|  __/| | / __/| |  | | |__|_____| | (_| | |_) \__ \
[0;94m||||||||||  [0m[2m|_____|_|  |___|_____|_|  |_|_____|    |_|\__,_|_.__/|___/
[0;94m||||||||||  [0m[1mwf-amplicon v1.1.4-g1cf4682[0m
[2m--------------------------------------------------------------------------------[0m
[1mCore Nextflow options[0m
  [0;34mrevision               : [0;32mmaster[0m
  [0;34mrunName                : [0;32mjovial_almeida[0m
  [0;34mcontainerEngine        : [0;32mdocker[0m
  [0;34mcontainer              : [0;32m[withLabel:wf_common:ontresearch/wf-common:shad28e55140f75a68f59bbecc74e880aeab16ab158, withLabel:wfamplicon:ontresearch/wf-amplicon:sha0ba67476938520e6f132759780d0a0e902925c59, withLabel:medaka:ontresearch/medaka:sha3486abaab0d3b90351617eb8622acf2028edb154][0m
  [0;34mlaunchDir              : [0;32m/Users/goldriev/mono-trac[0m
  [0;34mworkDir                : [0;32m/Users/goldriev/mono-trac/work[0m
  [0;34mprojectDir             : [0;32m/Users/goldriev/.nextflow/assets/epi2me-labs/wf-amplicon[0m
  [0;34muserName               : [0;32mgoldriev[0m
  [0;34mprofile                : [0;32mstandard[0m
  [0;34mconfigFiles            : [0;32m/Users/goldriev/.nextflow/assets/epi2me-labs/wf-amplicon/nextflow.config[0m

[1mInput Options[0m
  [0;34mfastq                  : [0;32mtest_reads/mapped_reads.fastq.gz[0m
  [0;34mreads_downsampling_size: [0;32m4143[0m
  [0;34mreference              : [0;32mprimer_design/targets.fasta[0m

[1mAdvanced Options[0m
  [0;34moverride_basecaller_cfg: [0;32mdna_r10.4.1_e8.2_400bps_sup@v5.0.0[0m

!! Only displaying parameters that differ from the pipeline defaults !!
[2m--------------------------------------------------------------------------------[0m
If you use epi2me-labs/wf-amplicon for your analysis please cite:

* The nf-core framework
  https://doi.org/10.1038/s41587-020-0439-x


[2m--------------------------------------------------------------------------------[0m
This is epi2me-labs/wf-amplicon v1.1.4-g1cf4682.
[2m--------------------------------------------------------------------------------[0m
Dec-13 16:43:22.318 [main] INFO  nextflow.Nextflow - Searching input for [.fastq, .fastq.gz, .fq, .fq.gz] files.
Dec-13 16:43:22.422 [main] DEBUG nextflow.script.ProcessConfig - Config settings `withLabel:wf_common` matches labels `ingress,wf_common` for process with name fastcat
Dec-13 16:43:22.434 [main] DEBUG nextflow.executor.ExecutorFactory - << taskConfig executor: null
Dec-13 16:43:22.434 [main] DEBUG nextflow.executor.ExecutorFactory - >> processorType: 'local'
Dec-13 16:43:22.439 [main] DEBUG nextflow.executor.Executor - [warm up] executor > local
Dec-13 16:43:22.444 [main] DEBUG n.processor.LocalPollingMonitor - Creating local task monitor for executor 'local' > cpus=16; memory=64 GB; capacity=16; pollInterval=100ms; dumpInterval=5m
Dec-13 16:43:22.446 [main] DEBUG n.processor.TaskPollingMonitor - >>> barrier register (monitor: local)
Dec-13 16:43:22.504 [main] DEBUG nextflow.script.ProcessConfig - Config settings `withLabel:wfamplicon` matches labels `wfamplicon` for process with name pipeline:getVersions
Dec-13 16:43:22.505 [main] DEBUG nextflow.executor.ExecutorFactory - << taskConfig executor: null
Dec-13 16:43:22.505 [main] DEBUG nextflow.executor.ExecutorFactory - >> processorType: 'local'
Dec-13 16:43:22.510 [main] DEBUG nextflow.script.ProcessConfig - Config settings `withLabel:medaka` matches labels `medaka` for process with name pipeline:addMedakaToVersionsFile
Dec-13 16:43:22.510 [main] DEBUG nextflow.executor.ExecutorFactory - << taskConfig executor: null
Dec-13 16:43:22.510 [main] DEBUG nextflow.executor.ExecutorFactory - >> processorType: 'local'
Dec-13 16:43:22.513 [main] DEBUG nextflow.script.ProcessConfig - Config settings `withLabel:wfamplicon` matches labels `wfamplicon` for process with name pipeline:getParams
Dec-13 16:43:22.514 [main] DEBUG nextflow.executor.ExecutorFactory - << taskConfig executor: null
Dec-13 16:43:22.514 [main] DEBUG nextflow.executor.ExecutorFactory - >> processorType: 'local'
Dec-13 16:43:22.519 [main] WARN  nextflow.Nextflow - Overriding basecall model with 'dna_r10.4.1_e8.2_400bps_sup@v5.0.0'.
Dec-13 16:43:22.526 [main] DEBUG nextflow.script.ProcessConfig - Config settings `withLabel:wfamplicon` matches labels `wfamplicon` for process with name pipeline:subsetReads
Dec-13 16:43:22.527 [main] DEBUG nextflow.executor.ExecutorFactory - << taskConfig executor: null
Dec-13 16:43:22.527 [main] DEBUG nextflow.executor.ExecutorFactory - >> processorType: 'local'
Dec-13 16:43:22.545 [main] DEBUG nextflow.script.ProcessConfig - Config settings `withLabel:wfamplicon` matches labels `wfamplicon` for process with name pipeline:porechop
Dec-13 16:43:22.546 [main] DEBUG nextflow.executor.ExecutorFactory - << taskConfig executor: null
Dec-13 16:43:22.547 [main] DEBUG nextflow.executor.ExecutorFactory - >> processorType: 'local'
Dec-13 16:43:22.580 [main] DEBUG nextflow.script.ProcessConfig - Config settings `withLabel:wfamplicon` matches labels `wfamplicon` for process with name pipeline:variantCallingPipeline:sanitizeRefFile
Dec-13 16:43:22.581 [main] DEBUG nextflow.executor.ExecutorFactory - << taskConfig executor: null
Dec-13 16:43:22.581 [main] DEBUG nextflow.executor.ExecutorFactory - >> processorType: 'local'
Dec-13 16:43:22.640 [main] DEBUG nextflow.script.ProcessConfig - Config settings `withLabel:wfamplicon` matches labels `wfamplicon` for process with name pipeline:variantCallingPipeline:subsetRefFile
Dec-13 16:43:22.641 [main] DEBUG nextflow.executor.ExecutorFactory - << taskConfig executor: null
Dec-13 16:43:22.641 [main] DEBUG nextflow.executor.ExecutorFactory - >> processorType: 'local'
Dec-13 16:43:22.658 [main] DEBUG nextflow.script.ProcessConfig - Config settings `withLabel:wfamplicon` matches labels `wfamplicon` for process with name pipeline:variantCallingPipeline:alignReads
Dec-13 16:43:22.659 [main] DEBUG nextflow.executor.ExecutorFactory - << taskConfig executor: null
Dec-13 16:43:22.659 [main] DEBUG nextflow.executor.ExecutorFactory - >> processorType: 'local'
Dec-13 16:43:22.665 [main] DEBUG nextflow.script.ProcessConfig - Config settings `withLabel:wfamplicon` matches labels `wfamplicon` for process with name pipeline:variantCallingPipeline:bamstats
Dec-13 16:43:22.666 [main] DEBUG nextflow.executor.ExecutorFactory - << taskConfig executor: null
Dec-13 16:43:22.667 [main] DEBUG nextflow.executor.ExecutorFactory - >> processorType: 'local'
Dec-13 16:43:22.675 [main] DEBUG nextflow.script.ProcessConfig - Config settings `withLabel:wfamplicon` matches labels `wfamplicon` for process with name pipeline:variantCallingPipeline:downsampleBAMforMedaka
Dec-13 16:43:22.678 [main] DEBUG nextflow.executor.ExecutorFactory - << taskConfig executor: null
Dec-13 16:43:22.678 [main] DEBUG nextflow.executor.ExecutorFactory - >> processorType: 'local'
Dec-13 16:43:22.686 [main] DEBUG nextflow.script.ProcessConfig - Config settings `withLabel:medaka` matches labels `medaka` for process with name pipeline:variantCallingPipeline:medakaConsensus
Dec-13 16:43:22.687 [main] DEBUG nextflow.executor.ExecutorFactory - << taskConfig executor: null
Dec-13 16:43:22.688 [main] DEBUG nextflow.executor.ExecutorFactory - >> processorType: 'local'
Dec-13 16:43:22.698 [main] DEBUG nextflow.script.ProcessConfig - Config settings `withLabel:medaka` matches labels `medaka` for process with name pipeline:variantCallingPipeline:medakaVariant
Dec-13 16:43:22.699 [main] DEBUG nextflow.executor.ExecutorFactory - << taskConfig executor: null
Dec-13 16:43:22.699 [main] DEBUG nextflow.executor.ExecutorFactory - >> processorType: 'local'
Dec-13 16:43:22.708 [main] DEBUG nextflow.script.ProcessConfig - Config settings `withLabel:wfamplicon` matches labels `wfamplicon` for process with name pipeline:variantCallingPipeline:mosdepth
Dec-13 16:43:22.709 [main] DEBUG nextflow.executor.ExecutorFactory - << taskConfig executor: null
Dec-13 16:43:22.709 [main] DEBUG nextflow.executor.ExecutorFactory - >> processorType: 'local'
Dec-13 16:43:22.715 [main] DEBUG nextflow.script.ProcessConfig - Config settings `withLabel:wfamplicon` matches labels `wfamplicon` for process with name pipeline:variantCallingPipeline:concatMosdepthResultFiles
Dec-13 16:43:22.716 [main] DEBUG nextflow.executor.ExecutorFactory - << taskConfig executor: null
Dec-13 16:43:22.716 [main] DEBUG nextflow.executor.ExecutorFactory - >> processorType: 'local'
Dec-13 16:43:22.739 [main] DEBUG nextflow.script.ProcessConfig - Config settings `withLabel:wfamplicon` matches labels `wfamplicon` for process with name pipeline:collectFilesInDir
Dec-13 16:43:22.740 [main] DEBUG nextflow.executor.ExecutorFactory - << taskConfig executor: null
Dec-13 16:43:22.740 [main] DEBUG nextflow.executor.ExecutorFactory - >> processorType: 'local'
Dec-13 16:43:22.747 [main] DEBUG nextflow.script.ProcessConfig - Config settings `withLabel:wfamplicon` matches labels `wfamplicon` for process with name pipeline:makeReport
Dec-13 16:43:22.748 [main] DEBUG nextflow.executor.ExecutorFactory - << taskConfig executor: null
Dec-13 16:43:22.748 [main] DEBUG nextflow.executor.ExecutorFactory - >> processorType: 'local'
Dec-13 16:43:22.759 [main] DEBUG nextflow.script.ProcessConfig - Config settings `withLabel:wfamplicon` matches labels `wfamplicon` for process with name publish
Dec-13 16:43:22.760 [main] DEBUG nextflow.executor.ExecutorFactory - << taskConfig executor: null
Dec-13 16:43:22.760 [main] DEBUG nextflow.executor.ExecutorFactory - >> processorType: 'local'
Dec-13 16:43:22.763 [main] DEBUG nextflow.Session - Workflow process names [dsl2]: move_or_compress_fq_file, pipeline:getParams, mosdepthWindows, racon, bamstatsPolished, pipeline:addMedakaToVersionsFile, mergeBAMs, checkBamHeaders, alignReads, mergeBams, medakaVariant, pipeline:variantCallingPipeline:medakaVariant, makeReport, getVersions, validateIndex, bamstats, pipeline:subsetReads, downsampleReads, medakaStitch, downsampleBAMforMedaka, fastcat, miniasm, pipeline:variantCallingPipeline:sanitizeRefFile, pipeline:variantCallingPipeline:medakaConsensus, subsetReads, collectFilesInDir, mosdepthPerBase, samtools_index, getParams, pipeline:collectFilesInDir, medakaConsensus, sortBam, alignDraft, validate_sample_sheet, alignPolished, sanitizeRefFile, pipeline:variantCallingPipeline:bamstats, pipeline:makeReport, trimAndQC, pipeline:variantCallingPipeline:subsetRefFile, spoa, pipeline:variantCallingPipeline:alignReads, subsetRefFile, pipeline:variantCallingPipeline:concatMosdepthResultFiles, concatTSVs, configure_igv, porechop, mergeVCFs, catFastqIntoFasta, pipeline:variantCallingPipeline:downsampleBAMforMedaka, pipeline:getVersions, pipeline:variantCallingPipeline:mosdepth, concatMosdepthResultFiles, split_fq_file, addMedakaToVersionsFile, mosdepth, pipeline:porechop, publish, bamstatsDraft, catSortBams
Dec-13 16:43:22.764 [main] DEBUG nextflow.Session - Igniting dataflow network (23)
Dec-13 16:43:22.764 [main] DEBUG nextflow.processor.TaskProcessor - Starting process > fastcat
Dec-13 16:43:22.765 [main] DEBUG nextflow.processor.TaskProcessor - Starting process > pipeline:getVersions
Dec-13 16:43:22.765 [main] DEBUG nextflow.processor.TaskProcessor - Starting process > pipeline:addMedakaToVersionsFile
Dec-13 16:43:22.766 [main] DEBUG nextflow.processor.TaskProcessor - Starting process > pipeline:getParams
Dec-13 16:43:22.768 [main] DEBUG nextflow.processor.TaskProcessor - Starting process > pipeline:subsetReads
Dec-13 16:43:22.768 [main] DEBUG nextflow.processor.TaskProcessor - Starting process > pipeline:porechop
Dec-13 16:43:22.769 [main] DEBUG nextflow.processor.TaskProcessor - Starting process > pipeline:variantCallingPipeline:sanitizeRefFile
Dec-13 16:43:22.770 [main] DEBUG nextflow.processor.TaskProcessor - Starting process > pipeline:variantCallingPipeline:subsetRefFile
Dec-13 16:43:22.770 [main] DEBUG nextflow.processor.TaskProcessor - Starting process > pipeline:variantCallingPipeline:alignReads
Dec-13 16:43:22.772 [main] DEBUG nextflow.processor.TaskProcessor - Starting process > pipeline:variantCallingPipeline:bamstats
Dec-13 16:43:22.772 [main] DEBUG nextflow.processor.TaskProcessor - Starting process > pipeline:variantCallingPipeline:downsampleBAMforMedaka
Dec-13 16:43:22.773 [main] DEBUG nextflow.processor.TaskProcessor - Starting process > pipeline:variantCallingPipeline:medakaConsensus
Dec-13 16:43:22.773 [main] DEBUG nextflow.processor.TaskProcessor - Starting process > pipeline:variantCallingPipeline:medakaVariant
Dec-13 16:43:22.773 [main] DEBUG nextflow.processor.TaskProcessor - Starting process > pipeline:variantCallingPipeline:mosdepth
Dec-13 16:43:22.773 [main] DEBUG nextflow.processor.TaskProcessor - Starting process > pipeline:variantCallingPipeline:concatMosdepthResultFiles
Dec-13 16:43:22.774 [main] DEBUG nextflow.processor.TaskProcessor - Starting process > pipeline:collectFilesInDir
Dec-13 16:43:22.774 [main] DEBUG nextflow.processor.TaskProcessor - Starting process > pipeline:makeReport
Dec-13 16:43:22.774 [main] DEBUG nextflow.processor.TaskProcessor - Starting process > publish
Dec-13 16:43:22.775 [main] DEBUG nextflow.script.ScriptRunner - Parsed script files:
  Script_b46f01bd9843c35b: /Users/goldriev/.nextflow/assets/epi2me-labs/wf-amplicon/./modules/local/./common.nf
  Script_c57a757a160164f3: /Users/goldriev/.nextflow/assets/epi2me-labs/wf-amplicon/./lib/common.nf
  Script_0d96750cf8420ecf: /Users/goldriev/.nextflow/assets/epi2me-labs/wf-amplicon/main.nf
  Script_3edf379f174c5c46: /Users/goldriev/.nextflow/assets/epi2me-labs/wf-amplicon/./modules/local/de-novo.nf
  Script_51eedbf128bb8517: /Users/goldriev/.nextflow/assets/epi2me-labs/wf-amplicon/./modules/local/variant-calling.nf
  Script_9674c65acf93e4e1: /Users/goldriev/.nextflow/assets/epi2me-labs/wf-amplicon/./lib/ingress.nf
Dec-13 16:43:22.776 [main] DEBUG nextflow.script.ScriptRunner - > Awaiting termination 
Dec-13 16:43:22.777 [main] DEBUG nextflow.Session - Session await
Dec-13 16:43:22.969 [Task submitter] DEBUG n.executor.local.LocalTaskHandler - Launch cmd line: /bin/bash -ue .command.run
Dec-13 16:43:22.971 [Task submitter] INFO  nextflow.Session - [57/2526b6] Submitted process > fastcat (1)
Dec-13 16:43:22.981 [Task submitter] DEBUG n.executor.local.LocalTaskHandler - Launch cmd line: /bin/bash -ue .command.run
Dec-13 16:43:22.981 [Task submitter] INFO  nextflow.Session - [82/af197c] Submitted process > pipeline:variantCallingPipeline:sanitizeRefFile
Dec-13 16:43:22.991 [Task submitter] DEBUG n.executor.local.LocalTaskHandler - Launch cmd line: /bin/bash -ue .command.run
Dec-13 16:43:22.992 [Task submitter] INFO  nextflow.Session - [84/f92dd3] Submitted process > pipeline:getParams
Dec-13 16:43:23.002 [Task submitter] DEBUG n.executor.local.LocalTaskHandler - Launch cmd line: /bin/bash -ue .command.run
Dec-13 16:43:23.003 [Task submitter] INFO  nextflow.Session - [3c/9495a3] Submitted process > pipeline:getVersions
Dec-13 16:43:25.242 [Task monitor] DEBUG n.processor.TaskPollingMonitor - Task completed > TaskHandler[id: 4; name: pipeline:getParams; status: COMPLETED; exit: 0; error: -; workDir: /Users/goldriev/mono-trac/work/84/f92dd31c7472465cd714dff5bbaebf]
Dec-13 16:43:25.244 [Task monitor] DEBUG nextflow.util.ThreadPoolBuilder - Creating thread pool 'TaskFinalizer' minSize=10; maxSize=48; workQueue=LinkedBlockingQueue[10000]; allowCoreThreadTimeout=false
Dec-13 16:43:25.280 [TaskFinalizer-1] DEBUG nextflow.util.ThreadPoolBuilder - Creating thread pool 'PublishDir' minSize=10; maxSize=48; workQueue=LinkedBlockingQueue[10000]; allowCoreThreadTimeout=false
Dec-13 16:43:25.454 [Task monitor] DEBUG n.processor.TaskPollingMonitor - Task completed > TaskHandler[id: 3; name: pipeline:variantCallingPipeline:sanitizeRefFile; status: COMPLETED; exit: 0; error: -; workDir: /Users/goldriev/mono-trac/work/82/af197cb4e92202e1a25304b661e644]
Dec-13 16:43:27.924 [Task monitor] DEBUG n.processor.TaskPollingMonitor - Task completed > TaskHandler[id: 2; name: fastcat (1); status: COMPLETED; exit: 0; error: -; workDir: /Users/goldriev/mono-trac/work/57/2526b60f4450703c38653bf914bb8b]
Dec-13 16:43:27.966 [Actor Thread 9] DEBUG nextflow.util.HashBuilder - Hash asset file sha-256: /Users/goldriev/.nextflow/assets/epi2me-labs/wf-amplicon/bin/workflow-glue
Dec-13 16:43:28.032 [Task submitter] DEBUG n.executor.local.LocalTaskHandler - Launch cmd line: /bin/bash -ue .command.run
Dec-13 16:43:28.033 [Task submitter] INFO  nextflow.Session - [03/7c761c] Submitted process > pipeline:subsetReads (1)
Dec-13 16:43:34.122 [Task monitor] DEBUG n.processor.TaskPollingMonitor - Task completed > TaskHandler[id: 5; name: pipeline:subsetReads (1); status: COMPLETED; exit: 0; error: -; workDir: /Users/goldriev/mono-trac/work/03/7c761cb275a08143e948c0e59496fd]
Dec-13 16:43:34.139 [Task submitter] DEBUG n.executor.local.LocalTaskHandler - Launch cmd line: /bin/bash -ue .command.run
Dec-13 16:43:34.140 [Task submitter] INFO  nextflow.Session - [77/f1363e] Submitted process > pipeline:porechop (1)
Dec-13 16:43:41.729 [Task monitor] DEBUG n.processor.TaskPollingMonitor - Task completed > TaskHandler[id: 1; name: pipeline:getVersions; status: COMPLETED; exit: 0; error: -; workDir: /Users/goldriev/mono-trac/work/3c/9495a35af9d1232160d55d4c621f93]
Dec-13 16:43:41.742 [Task submitter] DEBUG n.executor.local.LocalTaskHandler - Launch cmd line: /bin/bash -ue .command.run
Dec-13 16:43:41.743 [Task submitter] INFO  nextflow.Session - [bd/ed6b35] Submitted process > pipeline:addMedakaToVersionsFile
Dec-13 16:43:42.996 [Task monitor] DEBUG n.processor.TaskPollingMonitor - Task completed > TaskHandler[id: 7; name: pipeline:addMedakaToVersionsFile; status: COMPLETED; exit: 0; error: -; workDir: /Users/goldriev/mono-trac/work/bd/ed6b358af3b2c53c6b15c9c9eb5b56]
Dec-13 16:45:02.455 [Task monitor] DEBUG n.processor.TaskPollingMonitor - Task completed > TaskHandler[id: 6; name: pipeline:porechop (1); status: COMPLETED; exit: 0; error: -; workDir: /Users/goldriev/mono-trac/work/77/f1363ec3f89745ee861ccb12afc9cd]
Dec-13 16:45:02.485 [Task submitter] DEBUG n.executor.local.LocalTaskHandler - Launch cmd line: /bin/bash -ue .command.run
Dec-13 16:45:02.486 [Task submitter] INFO  nextflow.Session - [84/bbe4e5] Submitted process > pipeline:variantCallingPipeline:alignReads (1)
Dec-13 16:45:05.675 [Task monitor] DEBUG n.processor.TaskPollingMonitor - Task completed > TaskHandler[id: 8; name: pipeline:variantCallingPipeline:alignReads (1); status: COMPLETED; exit: 0; error: -; workDir: /Users/goldriev/mono-trac/work/84/bbe4e5a5873fad668aeaf21ac105ed]
Dec-13 16:45:05.799 [Task submitter] DEBUG n.executor.local.LocalTaskHandler - Launch cmd line: /bin/bash -ue .command.run
Dec-13 16:45:05.800 [Task submitter] INFO  nextflow.Session - [3b/9c6d1a] Submitted process > pipeline:variantCallingPipeline:mosdepth (5)
Dec-13 16:45:05.826 [Task submitter] DEBUG n.executor.local.LocalTaskHandler - Launch cmd line: /bin/bash -ue .command.run
Dec-13 16:45:05.828 [Task submitter] INFO  nextflow.Session - [29/f01de0] Submitted process > pipeline:variantCallingPipeline:bamstats (1)
Dec-13 16:45:05.876 [Task submitter] DEBUG n.executor.local.LocalTaskHandler - Launch cmd line: /bin/bash -ue .command.run
Dec-13 16:45:05.877 [Task submitter] INFO  nextflow.Session - [56/94ac03] Submitted process > pipeline:variantCallingPipeline:mosdepth (6)
Dec-13 16:45:05.886 [Task submitter] DEBUG n.executor.local.LocalTaskHandler - Launch cmd line: /bin/bash -ue .command.run
Dec-13 16:45:05.887 [Task submitter] INFO  nextflow.Session - [0b/1eaed8] Submitted process > pipeline:variantCallingPipeline:mosdepth (7)
Dec-13 16:45:05.938 [Task submitter] DEBUG n.executor.local.LocalTaskHandler - Launch cmd line: /bin/bash -ue .command.run
Dec-13 16:45:05.939 [Task submitter] INFO  nextflow.Session - [3b/908709] Submitted process > pipeline:variantCallingPipeline:mosdepth (13)
Dec-13 16:45:09.552 [Task monitor] DEBUG n.processor.TaskPollingMonitor - Task completed > TaskHandler[id: 22; name: pipeline:variantCallingPipeline:mosdepth (13); status: COMPLETED; exit: 0; error: -; workDir: /Users/goldriev/mono-trac/work/3b/908709cffa47b78d41e03cdc293adf]
Dec-13 16:45:09.559 [Task submitter] DEBUG n.executor.local.LocalTaskHandler - Launch cmd line: /bin/bash -ue .command.run
Dec-13 16:45:09.559 [Task submitter] INFO  nextflow.Session - [f0/1dd091] Submitted process > pipeline:variantCallingPipeline:mosdepth (8)
Dec-13 16:45:09.653 [Task monitor] DEBUG n.processor.TaskPollingMonitor - Task completed > TaskHandler[id: 14; name: pipeline:variantCallingPipeline:mosdepth (5); status: COMPLETED; exit: 0; error: -; workDir: /Users/goldriev/mono-trac/work/3b/9c6d1a2d595c5f3a1469ba11a36954]
Dec-13 16:45:09.654 [Task monitor] DEBUG n.processor.TaskPollingMonitor - Task completed > TaskHandler[id: 15; name: pipeline:variantCallingPipeline:mosdepth (6); status: COMPLETED; exit: 0; error: -; workDir: /Users/goldriev/mono-trac/work/56/94ac03d63fe093f83b0fe98b7933da]
Dec-13 16:45:09.658 [Task submitter] DEBUG n.executor.local.LocalTaskHandler - Launch cmd line: /bin/bash -ue .command.run
Dec-13 16:45:09.659 [Task submitter] INFO  nextflow.Session - [1c/558d63] Submitted process > pipeline:variantCallingPipeline:mosdepth (2)
Dec-13 16:45:09.668 [Task submitter] DEBUG n.executor.local.LocalTaskHandler - Launch cmd line: /bin/bash -ue .command.run
Dec-13 16:45:09.668 [Task submitter] INFO  nextflow.Session - [e0/821465] Submitted process > pipeline:variantCallingPipeline:mosdepth (4)
Dec-13 16:45:09.761 [Task monitor] DEBUG n.processor.TaskPollingMonitor - Task completed > TaskHandler[id: 16; name: pipeline:variantCallingPipeline:mosdepth (7); status: COMPLETED; exit: 0; error: -; workDir: /Users/goldriev/mono-trac/work/0b/1eaed88a07837bdc34454a705f6f0f]
Dec-13 16:45:09.768 [Task submitter] DEBUG n.executor.local.LocalTaskHandler - Launch cmd line: /bin/bash -ue .command.run
Dec-13 16:45:09.768 [Task submitter] INFO  nextflow.Session - [9f/0aa7b4] Submitted process > pipeline:variantCallingPipeline:mosdepth (3)
Dec-13 16:45:10.394 [Task monitor] DEBUG n.processor.TaskPollingMonitor - Task completed > TaskHandler[id: 9; name: pipeline:variantCallingPipeline:bamstats (1); status: COMPLETED; exit: 0; error: -; workDir: /Users/goldriev/mono-trac/work/29/f01de019025c14d22c51366a7bfcdc]
Dec-13 16:45:10.403 [Task submitter] DEBUG n.executor.local.LocalTaskHandler - Launch cmd line: /bin/bash -ue .command.run
Dec-13 16:45:10.404 [Task submitter] INFO  nextflow.Session - [c7/2e3cc5] Submitted process > pipeline:variantCallingPipeline:mosdepth (10)
Dec-13 16:45:10.984 [Task monitor] DEBUG n.processor.TaskPollingMonitor - Task completed > TaskHandler[id: 17; name: pipeline:variantCallingPipeline:mosdepth (8); status: COMPLETED; exit: 0; error: -; workDir: /Users/goldriev/mono-trac/work/f0/1dd091eedbb88efd6dc1116f4028be]
Dec-13 16:45:10.991 [Task submitter] DEBUG n.executor.local.LocalTaskHandler - Launch cmd line: /bin/bash -ue .command.run
Dec-13 16:45:10.992 [Task submitter] INFO  nextflow.Session - [9e/4d0c8b] Submitted process > pipeline:variantCallingPipeline:mosdepth (9)
Dec-13 16:45:11.000 [Task submitter] DEBUG n.executor.local.LocalTaskHandler - Launch cmd line: /bin/bash -ue .command.run
Dec-13 16:45:11.000 [Task submitter] INFO  nextflow.Session - [d0/5c7cef] Submitted process > pipeline:variantCallingPipeline:downsampleBAMforMedaka (1)
Dec-13 16:45:11.110 [Task monitor] DEBUG n.processor.TaskPollingMonitor - Task completed > TaskHandler[id: 11; name: pipeline:variantCallingPipeline:mosdepth (2); status: COMPLETED; exit: 0; error: -; workDir: /Users/goldriev/mono-trac/work/1c/558d63cb0997207f19f8ce4ce5819d]
Dec-13 16:45:11.119 [Task submitter] DEBUG n.executor.local.LocalTaskHandler - Launch cmd line: /bin/bash -ue .command.run
Dec-13 16:45:11.120 [Task submitter] INFO  nextflow.Session - [10/f64a73] Submitted process > pipeline:variantCallingPipeline:mosdepth (14)
Dec-13 16:45:11.480 [Task monitor] DEBUG n.processor.TaskPollingMonitor - Task completed > TaskHandler[id: 12; name: pipeline:variantCallingPipeline:mosdepth (3); status: COMPLETED; exit: 0; error: -; workDir: /Users/goldriev/mono-trac/work/9f/0aa7b4c4b57ae10ecb7540c12e91c3]
Dec-13 16:45:11.485 [Task monitor] DEBUG n.processor.TaskPollingMonitor - Task completed > TaskHandler[id: 13; name: pipeline:variantCallingPipeline:mosdepth (4); status: COMPLETED; exit: 0; error: -; workDir: /Users/goldriev/mono-trac/work/e0/821465904c59ba2085cbfd46e004e0]
Dec-13 16:45:11.489 [Task submitter] DEBUG n.executor.local.LocalTaskHandler - Launch cmd line: /bin/bash -ue .command.run
Dec-13 16:45:11.490 [Task submitter] INFO  nextflow.Session - [ba/c5e1b7] Submitted process > pipeline:variantCallingPipeline:mosdepth (16)
Dec-13 16:45:11.498 [Task submitter] DEBUG n.executor.local.LocalTaskHandler - Launch cmd line: /bin/bash -ue .command.run
Dec-13 16:45:11.498 [Task submitter] INFO  nextflow.Session - [d2/bae3cf] Submitted process > pipeline:variantCallingPipeline:mosdepth (11)
Dec-13 16:45:12.154 [Task monitor] DEBUG n.processor.TaskPollingMonitor - Task completed > TaskHandler[id: 19; name: pipeline:variantCallingPipeline:mosdepth (10); status: COMPLETED; exit: 0; error: -; workDir: /Users/goldriev/mono-trac/work/c7/2e3cc5c0569a025a79a1deaeea347e]
Dec-13 16:45:12.161 [Task submitter] DEBUG n.executor.local.LocalTaskHandler - Launch cmd line: /bin/bash -ue .command.run
Dec-13 16:45:12.162 [Task submitter] INFO  nextflow.Session - [db/132819] Submitted process > pipeline:variantCallingPipeline:mosdepth (1)
Dec-13 16:45:12.570 [Task monitor] DEBUG n.processor.TaskPollingMonitor - Task completed > TaskHandler[id: 18; name: pipeline:variantCallingPipeline:mosdepth (9); status: COMPLETED; exit: 0; error: -; workDir: /Users/goldriev/mono-trac/work/9e/4d0c8bdd06b291c8f2ea078836b6d3]
Dec-13 16:45:12.577 [Task submitter] DEBUG n.executor.local.LocalTaskHandler - Launch cmd line: /bin/bash -ue .command.run
Dec-13 16:45:12.578 [Task submitter] INFO  nextflow.Session - [43/7f8c75] Submitted process > pipeline:variantCallingPipeline:mosdepth (12)
Dec-13 16:45:12.646 [Task monitor] DEBUG n.processor.TaskPollingMonitor - Task completed > TaskHandler[id: 23; name: pipeline:variantCallingPipeline:mosdepth (14); status: COMPLETED; exit: 0; error: -; workDir: /Users/goldriev/mono-trac/work/10/f64a73e233912987d82e37ea34458e]
Dec-13 16:45:12.657 [Task submitter] DEBUG n.executor.local.LocalTaskHandler - Launch cmd line: /bin/bash -ue .command.run
Dec-13 16:45:12.658 [Task submitter] INFO  nextflow.Session - [46/a9a2f7] Submitted process > pipeline:variantCallingPipeline:mosdepth (15)
Dec-13 16:45:13.262 [Task monitor] DEBUG n.processor.TaskPollingMonitor - Task completed > TaskHandler[id: 25; name: pipeline:variantCallingPipeline:mosdepth (16); status: COMPLETED; exit: 0; error: -; workDir: /Users/goldriev/mono-trac/work/ba/c5e1b7f5a66cb69339469546f2855c]
Dec-13 16:45:13.269 [Task submitter] DEBUG n.executor.local.LocalTaskHandler - Launch cmd line: /bin/bash -ue .command.run
Dec-13 16:45:13.270 [Task submitter] INFO  nextflow.Session - [44/15430a] Submitted process > pipeline:variantCallingPipeline:mosdepth (17)
Dec-13 16:45:13.435 [Task monitor] DEBUG n.processor.TaskPollingMonitor - Task completed > TaskHandler[id: 20; name: pipeline:variantCallingPipeline:mosdepth (11); status: COMPLETED; exit: 0; error: -; workDir: /Users/goldriev/mono-trac/work/d2/bae3cf674e18b88d29635b9fbbc4e3]
Dec-13 16:45:13.442 [Task submitter] DEBUG n.executor.local.LocalTaskHandler - Launch cmd line: /bin/bash -ue .command.run
Dec-13 16:45:13.442 [Task submitter] INFO  nextflow.Session - [34/cdbea8] Submitted process > pipeline:variantCallingPipeline:mosdepth (18)
Dec-13 16:45:13.586 [Task monitor] DEBUG n.processor.TaskPollingMonitor - Task completed > TaskHandler[id: 10; name: pipeline:variantCallingPipeline:mosdepth (1); status: COMPLETED; exit: 0; error: -; workDir: /Users/goldriev/mono-trac/work/db/13281958814114c0e408074abc27e9]
Dec-13 16:45:13.594 [Task submitter] DEBUG n.executor.local.LocalTaskHandler - Launch cmd line: /bin/bash -ue .command.run
Dec-13 16:45:13.594 [Task submitter] INFO  nextflow.Session - [d6/03a754] Submitted process > pipeline:variantCallingPipeline:mosdepth (20)
Dec-13 16:45:14.074 [Task monitor] DEBUG n.processor.TaskPollingMonitor - Task completed > TaskHandler[id: 21; name: pipeline:variantCallingPipeline:mosdepth (12); status: COMPLETED; exit: 0; error: -; workDir: /Users/goldriev/mono-trac/work/43/7f8c75a5fdfebb68b2bfdcc0a93454]
Dec-13 16:45:14.092 [Task submitter] DEBUG n.executor.local.LocalTaskHandler - Launch cmd line: /bin/bash -ue .command.run
Dec-13 16:45:14.093 [Task submitter] INFO  nextflow.Session - [ed/5a76ef] Submitted process > pipeline:variantCallingPipeline:mosdepth (19)
Dec-13 16:45:14.579 [Task monitor] DEBUG n.processor.TaskPollingMonitor - Task completed > TaskHandler[id: 24; name: pipeline:variantCallingPipeline:mosdepth (15); status: COMPLETED; exit: 0; error: -; workDir: /Users/goldriev/mono-trac/work/46/a9a2f7ed872c38dd038197e75635e8]
Dec-13 16:45:14.958 [Task monitor] DEBUG n.processor.TaskPollingMonitor - Task completed > TaskHandler[id: 26; name: pipeline:variantCallingPipeline:mosdepth (17); status: COMPLETED; exit: 0; error: -; workDir: /Users/goldriev/mono-trac/work/44/15430a977efcdd520087c48a667d1f]
Dec-13 16:45:14.986 [Task monitor] DEBUG n.processor.TaskPollingMonitor - Task completed > TaskHandler[id: 27; name: pipeline:variantCallingPipeline:mosdepth (18); status: COMPLETED; exit: 0; error: -; workDir: /Users/goldriev/mono-trac/work/34/cdbea874d0505bfa193e500c157e9d]
Dec-13 16:45:15.179 [Task monitor] DEBUG n.processor.TaskPollingMonitor - Task completed > TaskHandler[id: 29; name: pipeline:variantCallingPipeline:mosdepth (20); status: COMPLETED; exit: 0; error: -; workDir: /Users/goldriev/mono-trac/work/d6/03a75469bf496982c4adafbd39349a]
Dec-13 16:45:15.591 [Task monitor] DEBUG n.processor.TaskPollingMonitor - Task completed > TaskHandler[id: 28; name: pipeline:variantCallingPipeline:mosdepth (19); status: COMPLETED; exit: 0; error: -; workDir: /Users/goldriev/mono-trac/work/ed/5a76ef25ae25224365144532b0d94e]
Dec-13 16:45:15.609 [Task submitter] DEBUG n.executor.local.LocalTaskHandler - Launch cmd line: /bin/bash -ue .command.run
Dec-13 16:45:15.609 [Task submitter] INFO  nextflow.Session - [92/92d716] Submitted process > pipeline:variantCallingPipeline:concatMosdepthResultFiles (1)
Dec-13 16:45:16.888 [Task monitor] DEBUG n.processor.TaskPollingMonitor - Task completed > TaskHandler[id: 31; name: pipeline:variantCallingPipeline:concatMosdepthResultFiles (1); status: COMPLETED; exit: 0; error: -; workDir: /Users/goldriev/mono-trac/work/92/92d7169cc0b6e12afe585149d7376f]
Dec-13 16:45:18.518 [Task monitor] DEBUG n.processor.TaskPollingMonitor - Task completed > TaskHandler[id: 30; name: pipeline:variantCallingPipeline:downsampleBAMforMedaka (1); status: COMPLETED; exit: 0; error: -; workDir: /Users/goldriev/mono-trac/work/d0/5c7cef7725a8d7b23c2c85d14987d0]
Dec-13 16:45:18.556 [Task submitter] DEBUG n.executor.local.LocalTaskHandler - Launch cmd line: /bin/bash -ue .command.run
Dec-13 16:45:18.556 [Task submitter] INFO  nextflow.Session - [9e/4f7772] Submitted process > pipeline:variantCallingPipeline:medakaConsensus (7)
Dec-13 16:45:18.594 [Task submitter] DEBUG n.executor.local.LocalTaskHandler - Launch cmd line: /bin/bash -ue .command.run
Dec-13 16:45:18.594 [Task submitter] INFO  nextflow.Session - [4a/6e6fff] Submitted process > pipeline:variantCallingPipeline:medakaConsensus (16)
Dec-13 16:45:18.618 [Task submitter] DEBUG n.executor.local.LocalTaskHandler - Launch cmd line: /bin/bash -ue .command.run
Dec-13 16:45:18.619 [Task submitter] INFO  nextflow.Session - [5b/98f773] Submitted process > pipeline:variantCallingPipeline:medakaConsensus (4)
Dec-13 16:45:18.626 [Task submitter] DEBUG n.executor.local.LocalTaskHandler - Launch cmd line: /bin/bash -ue .command.run
Dec-13 16:45:18.626 [Task submitter] INFO  nextflow.Session - [3b/848135] Submitted process > pipeline:variantCallingPipeline:medakaConsensus (3)
Dec-13 16:45:18.634 [Task submitter] DEBUG n.executor.local.LocalTaskHandler - Launch cmd line: /bin/bash -ue .command.run
Dec-13 16:45:18.635 [Task submitter] INFO  nextflow.Session - [ac/f056fa] Submitted process > pipeline:variantCallingPipeline:medakaConsensus (2)
Dec-13 16:45:18.644 [Task submitter] DEBUG n.executor.local.LocalTaskHandler - Launch cmd line: /bin/bash -ue .command.run
Dec-13 16:45:18.644 [Task submitter] INFO  nextflow.Session - [8d/8161c5] Submitted process > pipeline:variantCallingPipeline:medakaConsensus (9)
Dec-13 16:45:18.657 [Task submitter] DEBUG n.executor.local.LocalTaskHandler - Launch cmd line: /bin/bash -ue .command.run
Dec-13 16:45:18.658 [Task submitter] INFO  nextflow.Session - [06/55087f] Submitted process > pipeline:variantCallingPipeline:medakaConsensus (15)
Dec-13 16:45:18.677 [Task submitter] DEBUG n.executor.local.LocalTaskHandler - Launch cmd line: /bin/bash -ue .command.run
Dec-13 16:45:18.677 [Task submitter] INFO  nextflow.Session - [86/9ef691] Submitted process > pipeline:variantCallingPipeline:medakaConsensus (14)
Dec-13 16:45:37.503 [Task monitor] DEBUG n.processor.TaskPollingMonitor - Task completed > TaskHandler[id: 33; name: pipeline:variantCallingPipeline:medakaConsensus (2); status: COMPLETED; exit: 0; error: -; workDir: /Users/goldriev/mono-trac/work/ac/f056fa84c0d12f536d14df44ca4783]
Dec-13 16:45:37.602 [Task submitter] DEBUG n.executor.local.LocalTaskHandler - Launch cmd line: /bin/bash -ue .command.run
Dec-13 16:45:37.602 [Task submitter] INFO  nextflow.Session - [b7/427196] Submitted process > pipeline:variantCallingPipeline:medakaConsensus (13)
Dec-13 16:45:39.705 [Task monitor] DEBUG n.processor.TaskPollingMonitor - Task completed > TaskHandler[id: 46; name: pipeline:variantCallingPipeline:medakaConsensus (15); status: COMPLETED; exit: 0; error: -; workDir: /Users/goldriev/mono-trac/work/06/55087f42f0d5a456fe668dfe6adea7]
Dec-13 16:45:39.713 [Task submitter] DEBUG n.executor.local.LocalTaskHandler - Launch cmd line: /bin/bash -ue .command.run
Dec-13 16:45:39.713 [Task submitter] INFO  nextflow.Session - [ce/2e6b93] Submitted process > pipeline:variantCallingPipeline:medakaConsensus (6)
Dec-13 16:45:44.312 [Task monitor] DEBUG n.processor.TaskPollingMonitor - Task completed > TaskHandler[id: 47; name: pipeline:variantCallingPipeline:medakaConsensus (16); status: COMPLETED; exit: 0; error: -; workDir: /Users/goldriev/mono-trac/work/4a/6e6fff69c0cfacde4353a0c4bc491c]
Dec-13 16:45:44.320 [Task submitter] DEBUG n.executor.local.LocalTaskHandler - Launch cmd line: /bin/bash -ue .command.run
Dec-13 16:45:44.321 [Task submitter] INFO  nextflow.Session - [64/49ed9d] Submitted process > pipeline:variantCallingPipeline:medakaConsensus (12)
Dec-13 16:45:44.628 [Task monitor] DEBUG n.processor.TaskPollingMonitor - Task completed > TaskHandler[id: 34; name: pipeline:variantCallingPipeline:medakaConsensus (3); status: COMPLETED; exit: 0; error: -; workDir: /Users/goldriev/mono-trac/work/3b/8481353fab476d61e5072c74b51213]
Dec-13 16:45:44.637 [Task submitter] DEBUG n.executor.local.LocalTaskHandler - Launch cmd line: /bin/bash -ue .command.run
Dec-13 16:45:44.638 [Task submitter] INFO  nextflow.Session - [65/05ccb3] Submitted process > pipeline:variantCallingPipeline:medakaConsensus (1)
Dec-13 16:45:46.497 [Task monitor] DEBUG n.processor.TaskPollingMonitor - Task completed > TaskHandler[id: 45; name: pipeline:variantCallingPipeline:medakaConsensus (14); status: COMPLETED; exit: 0; error: -; workDir: /Users/goldriev/mono-trac/work/86/9ef691c6a36e6506f6b9348534bf42]
Dec-13 16:45:46.519 [Task submitter] DEBUG n.executor.local.LocalTaskHandler - Launch cmd line: /bin/bash -ue .command.run
Dec-13 16:45:46.520 [Task submitter] INFO  nextflow.Session - [0e/faa0ff] Submitted process > pipeline:variantCallingPipeline:medakaConsensus (11)
Dec-13 16:45:49.914 [Task monitor] DEBUG n.processor.TaskPollingMonitor - Task completed > TaskHandler[id: 40; name: pipeline:variantCallingPipeline:medakaConsensus (9); status: COMPLETED; exit: 0; error: -; workDir: /Users/goldriev/mono-trac/work/8d/8161c51352cff96369ac41f2aa6478]
Dec-13 16:45:49.923 [Task submitter] DEBUG n.executor.local.LocalTaskHandler - Launch cmd line: /bin/bash -ue .command.run
Dec-13 16:45:49.924 [Task submitter] INFO  nextflow.Session - [3d/42f3e9] Submitted process > pipeline:variantCallingPipeline:medakaConsensus (8)
Dec-13 16:45:52.170 [Task monitor] DEBUG n.processor.TaskPollingMonitor - Task completed > TaskHandler[id: 38; name: pipeline:variantCallingPipeline:medakaConsensus (7); status: COMPLETED; exit: 0; error: -; workDir: /Users/goldriev/mono-trac/work/9e/4f7772fc16e4d1698102470aab3d1c]
Dec-13 16:45:52.179 [Task submitter] DEBUG n.executor.local.LocalTaskHandler - Launch cmd line: /bin/bash -ue .command.run
Dec-13 16:45:52.179 [Task submitter] INFO  nextflow.Session - [e6/9ab87d] Submitted process > pipeline:variantCallingPipeline:medakaConsensus (5)
Dec-13 16:46:02.019 [Task monitor] DEBUG n.processor.TaskPollingMonitor - Task completed > TaskHandler[id: 37; name: pipeline:variantCallingPipeline:medakaConsensus (6); status: COMPLETED; exit: 0; error: -; workDir: /Users/goldriev/mono-trac/work/ce/2e6b9316dc85b5b7ace11db63916d1]
Dec-13 16:46:02.025 [Task submitter] DEBUG n.executor.local.LocalTaskHandler - Launch cmd line: /bin/bash -ue .command.run
Dec-13 16:46:02.026 [Task submitter] INFO  nextflow.Session - [8b/3533bf] Submitted process > pipeline:variantCallingPipeline:medakaConsensus (10)
Dec-13 16:46:04.746 [Task monitor] DEBUG n.processor.TaskPollingMonitor - Task completed > TaskHandler[id: 44; name: pipeline:variantCallingPipeline:medakaConsensus (13); status: COMPLETED; exit: 0; error: -; workDir: /Users/goldriev/mono-trac/work/b7/42719655d656fdb7c729dab98dffef]
Dec-13 16:46:04.753 [Task submitter] DEBUG n.executor.local.LocalTaskHandler - Launch cmd line: /bin/bash -ue .command.run
Dec-13 16:46:04.753 [Task submitter] INFO  nextflow.Session - [3c/8123a9] Submitted process > pipeline:variantCallingPipeline:medakaConsensus (19)
Dec-13 16:46:06.206 [Task monitor] DEBUG n.processor.TaskPollingMonitor - Task completed > TaskHandler[id: 43; name: pipeline:variantCallingPipeline:medakaConsensus (12); status: COMPLETED; exit: 0; error: -; workDir: /Users/goldriev/mono-trac/work/64/49ed9d37a316b2ddc003f3ecbc0748]
Dec-13 16:46:06.212 [Task submitter] DEBUG n.executor.local.LocalTaskHandler - Launch cmd line: /bin/bash -ue .command.run
Dec-13 16:46:06.213 [Task submitter] INFO  nextflow.Session - [73/5f87ec] Submitted process > pipeline:variantCallingPipeline:medakaConsensus (18)
Dec-13 16:46:09.784 [Task monitor] DEBUG n.processor.TaskPollingMonitor - Task completed > TaskHandler[id: 42; name: pipeline:variantCallingPipeline:medakaConsensus (11); status: COMPLETED; exit: 0; error: -; workDir: /Users/goldriev/mono-trac/work/0e/faa0ff5086fb1eeedd9f99deec2599]
Dec-13 16:46:09.796 [Task submitter] DEBUG n.executor.local.LocalTaskHandler - Launch cmd line: /bin/bash -ue .command.run
Dec-13 16:46:09.796 [Task submitter] INFO  nextflow.Session - [f9/525db5] Submitted process > pipeline:variantCallingPipeline:medakaConsensus (20)
Dec-13 16:46:11.083 [Task monitor] DEBUG n.processor.TaskPollingMonitor - Task completed > TaskHandler[id: 36; name: pipeline:variantCallingPipeline:medakaConsensus (5); status: COMPLETED; exit: 0; error: -; workDir: /Users/goldriev/mono-trac/work/e6/9ab87d648ebbeae0dd501ef9e2449f]
Dec-13 16:46:11.088 [Task submitter] DEBUG n.executor.local.LocalTaskHandler - Launch cmd line: /bin/bash -ue .command.run
Dec-13 16:46:11.089 [Task submitter] INFO  nextflow.Session - [63/5495c2] Submitted process > pipeline:variantCallingPipeline:medakaConsensus (17)
Dec-13 16:46:16.439 [Task monitor] DEBUG n.processor.TaskPollingMonitor - Task completed > TaskHandler[id: 39; name: pipeline:variantCallingPipeline:medakaConsensus (8); status: COMPLETED; exit: 0; error: -; workDir: /Users/goldriev/mono-trac/work/3d/42f3e98cd089780bbc235b0cc1238e]
Dec-13 16:46:19.492 [Task monitor] DEBUG n.processor.TaskPollingMonitor - Task completed > TaskHandler[id: 32; name: pipeline:variantCallingPipeline:medakaConsensus (1); status: COMPLETED; exit: 0; error: -; workDir: /Users/goldriev/mono-trac/work/65/05ccb3338be9cabab775aae4a55dcc]
Dec-13 16:46:23.156 [Task monitor] DEBUG n.processor.TaskPollingMonitor - Task completed > TaskHandler[id: 51; name: pipeline:variantCallingPipeline:medakaConsensus (20); status: COMPLETED; exit: 0; error: -; workDir: /Users/goldriev/mono-trac/work/f9/525db5bbba6779f544ef69fb6273da]
Dec-13 16:46:24.740 [Task monitor] DEBUG n.processor.TaskPollingMonitor - Task completed > TaskHandler[id: 50; name: pipeline:variantCallingPipeline:medakaConsensus (19); status: COMPLETED; exit: 0; error: -; workDir: /Users/goldriev/mono-trac/work/3c/8123a9524f85152bab10a947872676]
Dec-13 16:46:25.323 [Task monitor] DEBUG n.processor.TaskPollingMonitor - Task completed > TaskHandler[id: 48; name: pipeline:variantCallingPipeline:medakaConsensus (17); status: COMPLETED; exit: 0; error: -; workDir: /Users/goldriev/mono-trac/work/63/5495c28060b020d48d2dc5588e3724]
Dec-13 16:46:30.410 [Task monitor] DEBUG n.processor.TaskPollingMonitor - Task completed > TaskHandler[id: 49; name: pipeline:variantCallingPipeline:medakaConsensus (18); status: COMPLETED; exit: 0; error: -; workDir: /Users/goldriev/mono-trac/work/73/5f87eceba8f168b49bc03080b6306e]
Dec-13 16:46:31.589 [Task monitor] DEBUG n.processor.TaskPollingMonitor - Task completed > TaskHandler[id: 41; name: pipeline:variantCallingPipeline:medakaConsensus (10); status: COMPLETED; exit: 0; error: -; workDir: /Users/goldriev/mono-trac/work/8b/3533bf5754ee025ace593ca247f7ed]
Dec-13 16:46:53.467 [Task monitor] DEBUG n.processor.TaskPollingMonitor - Task completed > TaskHandler[id: 35; name: pipeline:variantCallingPipeline:medakaConsensus (4); status: COMPLETED; exit: 0; error: -; workDir: /Users/goldriev/mono-trac/work/5b/98f773930cab3b2044a81f2004fb2a]
Dec-13 16:46:53.489 [Task submitter] DEBUG n.executor.local.LocalTaskHandler - Launch cmd line: /bin/bash -ue .command.run
Dec-13 16:46:53.489 [Task submitter] INFO  nextflow.Session - [b5/885cab] Submitted process > pipeline:variantCallingPipeline:medakaVariant (1)
Dec-13 16:47:00.908 [Task monitor] DEBUG n.processor.TaskPollingMonitor - Task completed > TaskHandler[id: 52; name: pipeline:variantCallingPipeline:medakaVariant (1); status: COMPLETED; exit: 0; error: -; workDir: /Users/goldriev/mono-trac/work/b5/885cab19bfe3c5f4949d5f158a295a]
Dec-13 16:47:00.923 [Task submitter] DEBUG n.executor.local.LocalTaskHandler - Launch cmd line: /bin/bash -ue .command.run
Dec-13 16:47:00.923 [Task submitter] INFO  nextflow.Session - [82/8c9def] Submitted process > publish (1)
Dec-13 16:47:00.929 [Task submitter] DEBUG n.executor.local.LocalTaskHandler - Launch cmd line: /bin/bash -ue .command.run
Dec-13 16:47:00.929 [Task submitter] INFO  nextflow.Session - [48/fdb798] Submitted process > publish (5)
Dec-13 16:47:00.970 [Task submitter] DEBUG n.executor.local.LocalTaskHandler - Launch cmd line: /bin/bash -ue .command.run
Dec-13 16:47:00.971 [Task submitter] INFO  nextflow.Session - [53/c83f5b] Submitted process > publish (6)
Dec-13 16:47:00.978 [Task submitter] DEBUG n.executor.local.LocalTaskHandler - Launch cmd line: /bin/bash -ue .command.run
Dec-13 16:47:00.978 [Task submitter] INFO  nextflow.Session - [3a/5c2542] Submitted process > publish (3)
Dec-13 16:47:00.985 [Task submitter] DEBUG n.executor.local.LocalTaskHandler - Launch cmd line: /bin/bash -ue .command.run
Dec-13 16:47:00.986 [Task submitter] INFO  nextflow.Session - [79/327e45] Submitted process > publish (2)
Dec-13 16:47:00.993 [Task submitter] DEBUG n.executor.local.LocalTaskHandler - Launch cmd line: /bin/bash -ue .command.run
Dec-13 16:47:00.993 [Task submitter] INFO  nextflow.Session - [98/45d0da] Submitted process > publish (4)
Dec-13 16:47:01.048 [Task submitter] DEBUG n.executor.local.LocalTaskHandler - Launch cmd line: /bin/bash -ue .command.run
Dec-13 16:47:01.049 [Task submitter] INFO  nextflow.Session - [40/ec3546] Submitted process > publish (7)
Dec-13 16:47:01.058 [Task submitter] DEBUG n.executor.local.LocalTaskHandler - Launch cmd line: /bin/bash -ue .command.run
Dec-13 16:47:01.059 [Task submitter] INFO  nextflow.Session - [06/6445d1] Submitted process > pipeline:collectFilesInDir (1)
Dec-13 16:47:03.874 [Task monitor] DEBUG n.processor.TaskPollingMonitor - Task completed > TaskHandler[id: 55; name: publish (2); status: COMPLETED; exit: 0; error: -; workDir: /Users/goldriev/mono-trac/work/79/327e451e10228250918969ded77697]
Dec-13 16:47:03.913 [Task monitor] DEBUG n.processor.TaskPollingMonitor - Task completed > TaskHandler[id: 53; name: pipeline:collectFilesInDir (1); status: COMPLETED; exit: 0; error: -; workDir: /Users/goldriev/mono-trac/work/06/6445d1c928c8808be0a7931347861d]
Dec-13 16:47:03.945 [Actor Thread 16] DEBUG nextflow.util.HashBuilder - Hash asset file sha-256: /Users/goldriev/.nextflow/assets/epi2me-labs/wf-amplicon/data/OPTIONAL_FILE
Dec-13 16:47:03.958 [Task submitter] DEBUG n.executor.local.LocalTaskHandler - Launch cmd line: /bin/bash -ue .command.run
Dec-13 16:47:03.958 [Task submitter] INFO  nextflow.Session - [ad/b8f2d3] Submitted process > pipeline:makeReport
Dec-13 16:47:04.038 [Task monitor] DEBUG n.processor.TaskPollingMonitor - Task completed > TaskHandler[id: 58; name: publish (5); status: COMPLETED; exit: 0; error: -; workDir: /Users/goldriev/mono-trac/work/48/fdb79854169e781102ab222b48f3ce]
Dec-13 16:47:04.123 [Task monitor] DEBUG n.processor.TaskPollingMonitor - Task completed > TaskHandler[id: 57; name: publish (4); status: COMPLETED; exit: 0; error: -; workDir: /Users/goldriev/mono-trac/work/98/45d0da68ab6d8b0ae77f84c87516cb]
Dec-13 16:47:04.164 [Task monitor] DEBUG n.processor.TaskPollingMonitor - Task completed > TaskHandler[id: 54; name: publish (1); status: COMPLETED; exit: 0; error: -; workDir: /Users/goldriev/mono-trac/work/82/8c9def33c92b994ab6131cdb2692c4]
Dec-13 16:47:04.230 [Task monitor] DEBUG n.processor.TaskPollingMonitor - Task completed > TaskHandler[id: 60; name: publish (7); status: COMPLETED; exit: 0; error: -; workDir: /Users/goldriev/mono-trac/work/40/ec35463ec39ead9f8ecf55c9e05ff0]
Dec-13 16:47:04.349 [Task monitor] DEBUG n.processor.TaskPollingMonitor - Task completed > TaskHandler[id: 56; name: publish (3); status: COMPLETED; exit: 0; error: -; workDir: /Users/goldriev/mono-trac/work/3a/5c25423b5286ac8ed900b9db8f425f]
Dec-13 16:47:04.380 [Task monitor] DEBUG n.processor.TaskPollingMonitor - Task completed > TaskHandler[id: 59; name: publish (6); status: COMPLETED; exit: 0; error: -; workDir: /Users/goldriev/mono-trac/work/53/c83f5bca61bb92da8f5599071092e2]
Dec-13 16:47:25.654 [Task monitor] DEBUG n.processor.TaskPollingMonitor - Task completed > TaskHandler[id: 61; name: pipeline:makeReport; status: COMPLETED; exit: 0; error: -; workDir: /Users/goldriev/mono-trac/work/ad/b8f2d31efa8cdc545759aded5e0813]
Dec-13 16:47:25.656 [main] DEBUG nextflow.Session - Session await > all processes finished
Dec-13 16:47:25.760 [Task monitor] DEBUG n.processor.TaskPollingMonitor - <<< barrier arrives (monitor: local) - terminating tasks monitor poll loop
Dec-13 16:47:25.765 [main] DEBUG nextflow.Session - Session await > all barriers passed
Dec-13 16:47:25.783 [main] DEBUG nextflow.util.ThreadPoolManager - Thread pool 'TaskFinalizer' shutdown completed (hard=false)
Dec-13 16:47:25.787 [main] DEBUG nextflow.util.ThreadPoolManager - Thread pool 'PublishDir' shutdown completed (hard=false)
Dec-13 16:47:25.866 [main] DEBUG n.trace.WorkflowStatsObserver - Workflow completed > WorkflowStats[succeededCount=61; failedCount=0; ignoredCount=0; cachedCount=0; pendingCount=0; submittedCount=0; runningCount=0; retriesCount=0; abortedCount=0; succeedDuration=24m 20s; failedDuration=0ms; cachedDuration=0ms;loadCpus=0; loadMemory=0; peakRunning=8; peakCpus=16; peakMemory=64 GB; ]
Dec-13 16:47:25.866 [main] DEBUG nextflow.trace.TraceFileObserver - Workflow completed -- saving trace file
Dec-13 16:47:25.867 [main] DEBUG nextflow.trace.ReportObserver - Workflow completed -- rendering execution report
Dec-13 16:47:26.555 [main] DEBUG nextflow.trace.TimelineObserver - Workflow completed -- rendering execution timeline
Dec-13 16:47:26.642 [main] DEBUG nextflow.cache.CacheDB - Closing CacheDB done
Dec-13 16:47:26.720 [main] DEBUG nextflow.util.ThreadPoolManager - Thread pool 'FileTransfer' shutdown completed (hard=false)
Dec-13 16:47:26.720 [main] DEBUG nextflow.script.ScriptRunner - > Execution complete -- Goodbye
